0 info it worked if it ends with ok
1 verbose cli [ '/usr/bin/nodejs',
1 verbose cli   '/usr/bin/npm',
1 verbose cli   'install',
1 verbose cli   'express',
1 verbose cli   'connect' ]
2 info using npm@1.3.10
3 info using node@v0.10.25
4 verbose cache add [ 'express', null ]
5 verbose cache add name=undefined spec="express" args=["express",null]
6 verbose parsed url { protocol: null,
6 verbose parsed url   slashes: null,
6 verbose parsed url   auth: null,
6 verbose parsed url   host: null,
6 verbose parsed url   port: null,
6 verbose parsed url   hostname: null,
6 verbose parsed url   hash: null,
6 verbose parsed url   search: null,
6 verbose parsed url   query: null,
6 verbose parsed url   pathname: 'express',
6 verbose parsed url   path: 'express',
6 verbose parsed url   href: 'express' }
7 verbose cache add [ 'connect', null ]
8 verbose cache add name=undefined spec="connect" args=["connect",null]
9 verbose parsed url { protocol: null,
9 verbose parsed url   slashes: null,
9 verbose parsed url   auth: null,
9 verbose parsed url   host: null,
9 verbose parsed url   port: null,
9 verbose parsed url   hostname: null,
9 verbose parsed url   hash: null,
9 verbose parsed url   search: null,
9 verbose parsed url   query: null,
9 verbose parsed url   pathname: 'connect',
9 verbose parsed url   path: 'connect',
9 verbose parsed url   href: 'connect' }
10 silly lockFile f3c62de4-express express
11 verbose lock express /home/tonykuo/.npm/f3c62de4-express.lock
12 silly lockFile f11a107f-connect connect
13 verbose lock connect /home/tonykuo/.npm/f11a107f-connect.lock
14 silly lockFile f3c62de4-express express
15 silly lockFile f3c62de4-express express
16 silly lockFile f11a107f-connect connect
17 silly lockFile f11a107f-connect connect
18 verbose addNamed [ 'express', '' ]
19 verbose addNamed [ null, '*' ]
20 silly lockFile 64a534c1-express express@
21 verbose lock express@ /home/tonykuo/.npm/64a534c1-express.lock
22 verbose addNamed [ 'connect', '' ]
23 verbose addNamed [ null, '*' ]
24 silly lockFile 6c45e0f3-connect connect@
25 verbose lock connect@ /home/tonykuo/.npm/6c45e0f3-connect.lock
26 silly addNameRange { name: 'express', range: '*', hasData: false }
27 silly addNameRange { name: 'connect', range: '*', hasData: false }
28 verbose url raw connect
29 verbose url resolving [ 'https://registry.npmjs.org/', './connect' ]
30 verbose url resolved https://registry.npmjs.org/connect
31 info trying registry request attempt 1 at 22:08:04
32 http GET https://registry.npmjs.org/connect
33 verbose url raw express
34 verbose url resolving [ 'https://registry.npmjs.org/', './express' ]
35 verbose url resolved https://registry.npmjs.org/express
36 info trying registry request attempt 1 at 22:08:04
37 http GET https://registry.npmjs.org/express
38 http 200 https://registry.npmjs.org/express
39 silly registry.get cb [ 200,
39 silly registry.get   { server: 'CouchDB/1.5.0 (Erlang OTP/R16B03)',
39 silly registry.get     etag: '"EHQFLT56UF22C6G3P65B0102V"',
39 silly registry.get     'content-type': 'application/json',
39 silly registry.get     'cache-control': 'max-age=60',
39 silly registry.get     'content-length': '492812',
39 silly registry.get     'accept-ranges': 'bytes',
39 silly registry.get     date: 'Thu, 07 May 2015 14:08:04 GMT',
39 silly registry.get     via: '1.1 varnish',
39 silly registry.get     age: '18',
39 silly registry.get     connection: 'keep-alive',
39 silly registry.get     'x-served-by': 'cache-nrt6122-NRT',
39 silly registry.get     'x-cache': 'HIT',
39 silly registry.get     'x-cache-hits': '101',
39 silly registry.get     'x-timer': 'S1431007684.632538,VS0,VE0',
39 silly registry.get     vary: 'Accept' } ]
40 silly addNameRange number 2 { name: 'express', range: '*', hasData: true }
41 silly addNameRange versions [ 'express',
41 silly addNameRange   [ '0.14.0',
41 silly addNameRange     '0.14.1',
41 silly addNameRange     '1.0.0',
41 silly addNameRange     '1.0.1',
41 silly addNameRange     '1.0.2',
41 silly addNameRange     '1.0.3',
41 silly addNameRange     '1.0.4',
41 silly addNameRange     '1.0.5',
41 silly addNameRange     '1.0.6',
41 silly addNameRange     '1.0.7',
41 silly addNameRange     '1.0.8',
41 silly addNameRange     '2.0.0',
41 silly addNameRange     '2.1.0',
41 silly addNameRange     '2.1.1',
41 silly addNameRange     '2.2.0',
41 silly addNameRange     '2.2.1',
41 silly addNameRange     '2.2.2',
41 silly addNameRange     '2.3.0',
41 silly addNameRange     '2.3.1',
41 silly addNameRange     '2.3.2',
41 silly addNameRange     '2.3.3',
41 silly addNameRange     '2.3.4',
41 silly addNameRange     '2.3.5',
41 silly addNameRange     '2.3.6',
41 silly addNameRange     '2.3.7',
41 silly addNameRange     '2.3.8',
41 silly addNameRange     '2.3.9',
41 silly addNameRange     '2.3.10',
41 silly addNameRange     '2.3.11',
41 silly addNameRange     '2.3.12',
41 silly addNameRange     '2.4.0',
41 silly addNameRange     '2.4.1',
41 silly addNameRange     '2.4.2',
41 silly addNameRange     '2.4.3',
41 silly addNameRange     '2.4.4',
41 silly addNameRange     '2.4.5',
41 silly addNameRange     '2.4.6',
41 silly addNameRange     '2.4.7',
41 silly addNameRange     '2.5.0',
41 silly addNameRange     '2.5.1',
41 silly addNameRange     '2.5.2',
41 silly addNameRange     '2.5.3',
41 silly addNameRange     '2.5.4',
41 silly addNameRange     '2.5.5',
41 silly addNameRange     '2.5.6',
41 silly addNameRange     '2.5.7',
41 silly addNameRange     '2.5.8',
41 silly addNameRange     '2.5.9',
41 silly addNameRange     '2.5.10',
41 silly addNameRange     '2.5.11',
41 silly addNameRange     '3.0.0',
41 silly addNameRange     '3.0.1',
41 silly addNameRange     '3.0.2',
41 silly addNameRange     '3.0.3',
41 silly addNameRange     '3.0.4',
41 silly addNameRange     '3.0.5',
41 silly addNameRange     '3.0.6',
41 silly addNameRange     '3.1.0',
41 silly addNameRange     '3.1.1',
41 silly addNameRange     '3.1.2',
41 silly addNameRange     '3.2.0',
41 silly addNameRange     '3.2.1',
41 silly addNameRange     '3.2.2',
41 silly addNameRange     '3.2.3',
41 silly addNameRange     '3.2.4',
41 silly addNameRange     '3.2.5',
41 silly addNameRange     '3.2.6',
41 silly addNameRange     '3.3.0',
41 silly addNameRange     '3.3.1',
41 silly addNameRange     '3.3.2',
41 silly addNameRange     '3.3.3',
41 silly addNameRange     '3.3.4',
41 silly addNameRange     '3.3.5',
41 silly addNameRange     '3.3.6',
41 silly addNameRange     '1.0.0-beta',
41 silly addNameRange     '1.0.0-beta2',
41 silly addNameRange     '1.0.0-rc',
41 silly addNameRange     '1.0.0-rc2',
41 silly addNameRange     '1.0.0-rc3',
41 silly addNameRange     '1.0.0-rc4',
41 silly addNameRange     '2.0.0-beta',
41 silly addNameRange     '2.0.0-beta2',
41 silly addNameRange     '2.0.0-beta3',
41 silly addNameRange     '2.0.0-rc',
41 silly addNameRange     '2.0.0-rc2',
41 silly addNameRange     '2.0.0-rc3',
41 silly addNameRange     '3.0.0-alpha1',
41 silly addNameRange     '3.0.0-alpha2',
41 silly addNameRange     '3.0.0-alpha3',
41 silly addNameRange     '3.0.0-alpha4',
41 silly addNameRange     '3.0.0-alpha5',
41 silly addNameRange     '3.0.0-beta1',
41 silly addNameRange     '3.0.0-beta2',
41 silly addNameRange     '3.0.0-beta3',
41 silly addNameRange     '3.0.0-beta4',
41 silly addNameRange     '3.0.0-beta6',
41 silly addNameRange     '3.0.0-beta7',
41 silly addNameRange     '3.0.0-rc1',
41 silly addNameRange     '3.0.0-rc2',
41 silly addNameRange     '3.0.0-rc3',
41 silly addNameRange     '3.0.0-rc4',
41 silly addNameRange     '3.0.0-rc5',
41 silly addNameRange     '3.3.7',
41 silly addNameRange     '3.3.8',
41 silly addNameRange     '3.4.0',
41 silly addNameRange     '3.4.1',
41 silly addNameRange     '3.4.2',
41 silly addNameRange     '3.4.3',
41 silly addNameRange     '3.4.4',
41 silly addNameRange     '3.4.5',
41 silly addNameRange     '3.4.6',
41 silly addNameRange     '3.4.7',
41 silly addNameRange     '3.4.8',
41 silly addNameRange     '4.0.0-rc1',
41 silly addNameRange     '4.0.0-rc2',
41 silly addNameRange     '3.5.0',
41 silly addNameRange     '4.0.0-rc3',
41 silly addNameRange     '4.0.0-rc4',
41 silly addNameRange     '3.5.1',
41 silly addNameRange     '4.0.0',
41 silly addNameRange     '3.5.2',
41 silly addNameRange     '4.1.0',
41 silly addNameRange     '4.1.1',
41 silly addNameRange     '3.5.3',
41 silly addNameRange     '4.1.2',
41 silly addNameRange     '3.6.0',
41 silly addNameRange     '4.2.0',
41 silly addNameRange     '3.7.0',
41 silly addNameRange     '3.8.0',
41 silly addNameRange     '4.3.0',
41 silly addNameRange     '4.3.1',
41 silly addNameRange     '3.8.1',
41 silly addNameRange     '4.3.2',
41 silly addNameRange     '3.9.0',
41 silly addNameRange     '4.4.0',
41 silly addNameRange     '4.4.1',
41 silly addNameRange     '3.10.0',
41 silly addNameRange     '3.10.1',
41 silly addNameRange     '3.10.2',
41 silly addNameRange     '3.10.3',
41 silly addNameRange     '3.10.4',
41 silly addNameRange     '4.4.2',
41 silly addNameRange     '3.10.5',
41 silly addNameRange     '4.4.3',
41 silly addNameRange     '3.11.0',
41 silly addNameRange     '4.4.4',
41 silly addNameRange     '3.12.0',
41 silly addNameRange     '3.12.1',
41 silly addNameRange     '4.4.5',
41 silly addNameRange     '3.13.0',
41 silly addNameRange     '4.5.0',
41 silly addNameRange     '4.5.1',
41 silly addNameRange     '3.14.0',
41 silly addNameRange     '4.6.0',
41 silly addNameRange     '4.6.1',
41 silly addNameRange     '3.15.0',
41 silly addNameRange     '4.7.0',
41 silly addNameRange     '3.15.1',
41 silly addNameRange     '4.7.1',
41 silly addNameRange     '3.15.2',
41 silly addNameRange     '4.7.2',
41 silly addNameRange     '4.7.3',
41 silly addNameRange     '3.15.3',
41 silly addNameRange     '4.7.4',
41 silly addNameRange     '3.16.0',
41 silly addNameRange     '4.8.0',
41 silly addNameRange     '3.16.1',
41 silly addNameRange     '4.8.1',
41 silly addNameRange     '3.16.2',
41 silly addNameRange     '4.8.2',
41 silly addNameRange     '3.16.3',
41 silly addNameRange     '3.16.4',
41 silly addNameRange     '4.8.3',
41 silly addNameRange     '3.16.5',
41 silly addNameRange     '3.16.6',
41 silly addNameRange     '4.8.4',
41 silly addNameRange     '3.16.7',
41 silly addNameRange     '4.8.5',
41 silly addNameRange     '3.16.8',
41 silly addNameRange     '4.8.6',
41 silly addNameRange     '3.16.9',
41 silly addNameRange     '4.8.7',
41 silly addNameRange     '3.16.10',
41 silly addNameRange     '4.8.8',
41 silly addNameRange     '3.17.0',
41 silly addNameRange     '3.17.1',
41 silly addNameRange     '4.9.0',
41 silly addNameRange     '3.17.2',
41 silly addNameRange     '4.9.1',
41 silly addNameRange     '4.9.2',
41 silly addNameRange     '3.17.3',
41 silly addNameRange     '4.9.3',
41 silly addNameRange     '3.17.4',
41 silly addNameRange     '4.9.4',
41 silly addNameRange     '3.17.5',
41 silly addNameRange     '4.9.5',
41 silly addNameRange     '3.17.6',
41 silly addNameRange     '3.17.7',
41 silly addNameRange     '4.9.6',
41 silly addNameRange     '4.9.7',
41 silly addNameRange     '3.17.8',
41 silly addNameRange     '4.9.8',
41 silly addNameRange     '3.18.0',
41 silly addNameRange     '3.18.1',
41 silly addNameRange     '4.10.0',
41 silly addNameRange     '3.18.2',
41 silly addNameRange     '4.10.1',
41 silly addNameRange     '5.0.0-alpha.1',
41 silly addNameRange     '3.18.3',
41 silly addNameRange     '4.10.2',
41 silly addNameRange     '3.18.4',
41 silly addNameRange     '4.10.3',
41 silly addNameRange     '4.10.4',
41 silly addNameRange     '4.10.5',
41 silly addNameRange     '3.18.5',
41 silly addNameRange     '3.18.6',
41 silly addNameRange     '4.10.6',
41 silly addNameRange     '4.10.7',
41 silly addNameRange     '3.19.0',
41 silly addNameRange     '4.10.8',
41 silly addNameRange     '4.11.0',
41 silly addNameRange     '3.19.1',
41 silly addNameRange     '4.11.1',
41 silly addNameRange     '3.19.2',
41 silly addNameRange     '4.11.2',
41 silly addNameRange     '3.20.0',
41 silly addNameRange     '4.12.0',
41 silly addNameRange     '3.20.1',
41 silly addNameRange     '4.12.1',
41 silly addNameRange     '4.12.2',
41 silly addNameRange     '3.20.2',
41 silly addNameRange     '4.12.3' ] ]
42 verbose addNamed [ 'express', '4.12.3' ]
43 verbose addNamed [ '4.12.3', '4.12.3' ]
44 silly lockFile 0b3fc563-express-4-12-3 express@4.12.3
45 verbose lock express@4.12.3 /home/tonykuo/.npm/0b3fc563-express-4-12-3.lock
46 silly lockFile 0b3fc563-express-4-12-3 express@4.12.3
47 silly lockFile 0b3fc563-express-4-12-3 express@4.12.3
48 silly lockFile 64a534c1-express express@
49 silly lockFile 64a534c1-express express@
50 http 200 https://registry.npmjs.org/connect
51 silly registry.get cb [ 200,
51 silly registry.get   { server: 'CouchDB/1.5.0 (Erlang OTP/R16B03)',
51 silly registry.get     etag: '"C4FI3J1IXP5K3JK93DVGIJXJ9"',
51 silly registry.get     'content-type': 'application/json',
51 silly registry.get     'cache-control': 'max-age=60',
51 silly registry.get     'content-length': '319714',
51 silly registry.get     'accept-ranges': 'bytes',
51 silly registry.get     date: 'Thu, 07 May 2015 14:08:04 GMT',
51 silly registry.get     via: '1.1 varnish',
51 silly registry.get     age: '3',
51 silly registry.get     connection: 'keep-alive',
51 silly registry.get     'x-served-by': 'cache-nrt6126-NRT',
51 silly registry.get     'x-cache': 'HIT',
51 silly registry.get     'x-cache-hits': '1',
51 silly registry.get     'x-timer': 'S1431007684.413927,VS0,VE3',
51 silly registry.get     vary: 'Accept' } ]
52 silly addNameRange number 2 { name: 'connect', range: '*', hasData: true }
53 silly addNameRange versions [ 'connect',
53 silly addNameRange   [ '0.0.1',
53 silly addNameRange     '0.0.2',
53 silly addNameRange     '0.0.3',
53 silly addNameRange     '0.0.4',
53 silly addNameRange     '0.0.5',
53 silly addNameRange     '0.0.6',
53 silly addNameRange     '0.1.0',
53 silly addNameRange     '0.2.0',
53 silly addNameRange     '0.2.1',
53 silly addNameRange     '0.2.2',
53 silly addNameRange     '0.2.3',
53 silly addNameRange     '0.2.4',
53 silly addNameRange     '0.2.5',
53 silly addNameRange     '0.2.6',
53 silly addNameRange     '0.2.7',
53 silly addNameRange     '0.3.0',
53 silly addNameRange     '0.4.0',
53 silly addNameRange     '0.5.0',
53 silly addNameRange     '0.5.1',
53 silly addNameRange     '0.5.2',
53 silly addNameRange     '0.5.3',
53 silly addNameRange     '0.5.4',
53 silly addNameRange     '0.5.5',
53 silly addNameRange     '0.5.6',
53 silly addNameRange     '0.5.7',
53 silly addNameRange     '0.5.8',
53 silly addNameRange     '0.5.9',
53 silly addNameRange     '0.5.10',
53 silly addNameRange     '1.0.0',
53 silly addNameRange     '1.0.1',
53 silly addNameRange     '1.0.2',
53 silly addNameRange     '1.0.3',
53 silly addNameRange     '1.0.4',
53 silly addNameRange     '1.0.5',
53 silly addNameRange     '1.0.6',
53 silly addNameRange     '1.1.0',
53 silly addNameRange     '1.1.1',
53 silly addNameRange     '1.1.2',
53 silly addNameRange     '1.1.3',
53 silly addNameRange     '1.1.4',
53 silly addNameRange     '1.1.5',
53 silly addNameRange     '1.2.0',
53 silly addNameRange     '1.2.1',
53 silly addNameRange     '1.2.2',
53 silly addNameRange     '1.2.3',
53 silly addNameRange     '1.3.0',
53 silly addNameRange     '1.4.0',
53 silly addNameRange     '1.4.1',
53 silly addNameRange     '1.4.2',
53 silly addNameRange     '1.4.3',
53 silly addNameRange     '1.4.4',
53 silly addNameRange     '1.4.5',
53 silly addNameRange     '1.4.6',
53 silly addNameRange     '1.5.0',
53 silly addNameRange     '1.5.1',
53 silly addNameRange     '1.5.2',
53 silly addNameRange     '1.6.0',
53 silly addNameRange     '1.6.1',
53 silly addNameRange     '1.6.2',
53 silly addNameRange     '1.6.3',
53 silly addNameRange     '1.6.4',
53 silly addNameRange     '1.7.0',
53 silly addNameRange     '1.7.1',
53 silly addNameRange     '1.7.2',
53 silly addNameRange     '1.7.3',
53 silly addNameRange     '1.8.0',
53 silly addNameRange     '1.8.1',
53 silly addNameRange     '1.8.2',
53 silly addNameRange     '1.8.3',
53 silly addNameRange     '1.8.4',
53 silly addNameRange     '1.8.5',
53 silly addNameRange     '2.0.0',
53 silly addNameRange     '2.0.1',
53 silly addNameRange     '2.0.2',
53 silly addNameRange     '2.0.3',
53 silly addNameRange     '1.8.6',
53 silly addNameRange     '2.1.0',
53 silly addNameRange     '2.1.1',
53 silly addNameRange     '2.1.2',
53 silly addNameRange     '1.8.7',
53 silly addNameRange     '2.1.3',
53 silly addNameRange     '2.2.0',
53 silly addNameRange     '2.2.1',
53 silly addNameRange     '2.2.2',
53 silly addNameRange     '2.3.0',
53 silly addNameRange     '2.3.1',
53 silly addNameRange     '2.3.2',
53 silly addNameRange     '2.3.3',
53 silly addNameRange     '1.9.0',
53 silly addNameRange     '1.9.1',
53 silly addNameRange     '2.3.4',
53 silly addNameRange     '2.3.5',
53 silly addNameRange     '2.3.6',
53 silly addNameRange     '2.3.7',
53 silly addNameRange     '1.9.2',
53 silly addNameRange     '2.3.8',
53 silly addNameRange     '2.3.9',
53 silly addNameRange     '2.4.0',
53 silly addNameRange     '2.4.1',
53 silly addNameRange     '2.4.2',
53 silly addNameRange     '2.4.3',
53 silly addNameRange     '2.4.4',
53 silly addNameRange     '2.4.5',
53 silly addNameRange     '2.4.6',
53 silly addNameRange     '2.5.0',
53 silly addNameRange     '2.6.0',
53 silly addNameRange     '2.6.1',
53 silly addNameRange     '2.6.2',
53 silly addNameRange     '2.7.0',
53 silly addNameRange     '2.7.1',
53 silly addNameRange     '2.7.2',
53 silly addNameRange     '2.7.3',
53 silly addNameRange     '2.7.4',
53 silly addNameRange     '2.7.5',
53 silly addNameRange     '2.7.6',
53 silly addNameRange     '2.7.7',
53 silly addNameRange     '2.7.8',
53 silly addNameRange     '2.7.9',
53 silly addNameRange     '2.7.10',
53 silly addNameRange     '2.7.11',
53 silly addNameRange     '2.8.0',
53 silly addNameRange     '2.8.1',
53 silly addNameRange     '2.8.2',
53 silly addNameRange     '2.8.3',
53 silly addNameRange     '2.8.4',
53 silly addNameRange     '2.8.5',
53 silly addNameRange     '2.8.6',
53 silly addNameRange     '2.8.7',
53 silly addNameRange     '2.8.8',
53 silly addNameRange     '2.9.0',
53 silly addNameRange     '2.9.1',
53 silly addNameRange     '2.9.2',
53 silly addNameRange     '2.10.0',
53 silly addNameRange     '2.10.1',
53 silly addNameRange     '2.11.0',
53 silly addNameRange     '2.11.1',
53 silly addNameRange     '2.11.2',
53 silly addNameRange     '2.12.0',
53 silly addNameRange     '2.13.0',
53 silly addNameRange     '2.13.1',
53 silly addNameRange     '2.14.0',
53 silly addNameRange     '2.14.1',
53 silly addNameRange     '3.0.0-rc.1',
53 silly addNameRange     '2.14.2',
53 silly addNameRange     '2.14.3',
53 silly addNameRange     '2.14.4',
53 silly addNameRange     '2.14.5',
53 silly addNameRange     '2.15.0',
53 silly addNameRange     '3.0.0-rc.2',
53 silly addNameRange     '2.16.0',
53 silly addNameRange     '2.16.1',
53 silly addNameRange     '2.16.2',
53 silly addNameRange     '2.17.0',
53 silly addNameRange     '2.17.1',
53 silly addNameRange     '2.17.2',
53 silly addNameRange     '2.17.3',
53 silly addNameRange     '2.18.0',
53 silly addNameRange     '3.0.0',
53 silly addNameRange     '2.19.0',
53 silly addNameRange     '2.19.1',
53 silly addNameRange     '2.19.2',
53 silly addNameRange     '2.19.3',
53 silly addNameRange     '2.19.4',
53 silly addNameRange     '2.19.5',
53 silly addNameRange     '2.19.6',
53 silly addNameRange     '2.20.0',
53 silly addNameRange     '2.20.1',
53 silly addNameRange     '2.20.2',
53 silly addNameRange     '3.0.1',
53 silly addNameRange     '2.21.0',
53 silly addNameRange     '2.21.1',
53 silly addNameRange     '2.22.0',
53 silly addNameRange     '2.23.0',
53 silly addNameRange     '3.0.2',
53 silly addNameRange     '2.24.0',
53 silly addNameRange     '3.1.0',
53 silly addNameRange     '2.24.1',
53 silly addNameRange     '2.24.2',
53 silly addNameRange     '2.24.3',
53 silly addNameRange     '2.25.0',
53 silly addNameRange     '2.25.1',
53 silly addNameRange     '2.25.2',
53 silly addNameRange     '2.25.3',
53 silly addNameRange     '2.25.4',
53 silly addNameRange     '3.1.1',
53 silly addNameRange     '2.25.5',
53 silly addNameRange     '2.25.6',
53 silly addNameRange     '2.25.7',
53 silly addNameRange     '2.25.8',
53 silly addNameRange     '2.25.9',
53 silly addNameRange     '2.25.10',
53 silly addNameRange     '2.26.0',
53 silly addNameRange     '3.2.0',
53 silly addNameRange     '2.26.1',
53 silly addNameRange     '2.26.2',
53 silly addNameRange     '2.26.3',
53 silly addNameRange     '2.26.4',
53 silly addNameRange     '2.26.5',
53 silly addNameRange     '2.26.6',
53 silly addNameRange     '2.27.0',
53 silly addNameRange     '3.3.0',
53 silly addNameRange     '2.27.1',
53 silly addNameRange     '3.3.1',
53 silly addNameRange     '2.27.2',
53 silly addNameRange     '3.3.2',
53 silly addNameRange     '2.27.3',
53 silly addNameRange     '3.3.3',
53 silly addNameRange     '2.27.4',
53 silly addNameRange     '2.27.5',
53 silly addNameRange     '2.27.6',
53 silly addNameRange     '2.28.0',
53 silly addNameRange     '3.3.4',
53 silly addNameRange     '2.28.1',
53 silly addNameRange     '2.28.2',
53 silly addNameRange     '2.28.3',
53 silly addNameRange     '2.29.0',
53 silly addNameRange     '2.29.1',
53 silly addNameRange     '3.3.5' ] ]
54 verbose addNamed [ 'connect', '3.3.5' ]
55 verbose addNamed [ '3.3.5', '3.3.5' ]
56 silly lockFile 10f076f0-connect-3-3-5 connect@3.3.5
57 verbose lock connect@3.3.5 /home/tonykuo/.npm/10f076f0-connect-3-3-5.lock
58 silly lockFile 89889d54-js-org-connect-connect-3-3-5-tgz https://registry.npmjs.org/connect/-/connect-3.3.5.tgz
59 verbose lock https://registry.npmjs.org/connect/-/connect-3.3.5.tgz /home/tonykuo/.npm/89889d54-js-org-connect-connect-3-3-5-tgz.lock
60 verbose addRemoteTarball [ 'https://registry.npmjs.org/connect/-/connect-3.3.5.tgz',
60 verbose addRemoteTarball   'd1d9958c90a830bb429271e7a0a4aaaa9d033cab' ]
61 silly lockFile 89889d54-js-org-connect-connect-3-3-5-tgz https://registry.npmjs.org/connect/-/connect-3.3.5.tgz
62 silly lockFile 89889d54-js-org-connect-connect-3-3-5-tgz https://registry.npmjs.org/connect/-/connect-3.3.5.tgz
63 silly lockFile 10f076f0-connect-3-3-5 connect@3.3.5
64 silly lockFile 10f076f0-connect-3-3-5 connect@3.3.5
65 silly lockFile 6c45e0f3-connect connect@
66 silly lockFile 6c45e0f3-connect connect@
67 error Error: EACCES, mkdir '/home/tonykuo/tmp/npm-4064-QUY0B9lt'
67 error  { [Error: EACCES, mkdir '/home/tonykuo/tmp/npm-4064-QUY0B9lt']
67 error   errno: 3,
67 error   code: 'EACCES',
67 error   path: '/home/tonykuo/tmp/npm-4064-QUY0B9lt' }
68 error Please try running this command again as root/Administrator.
69 error System Linux 3.16.0-30-generic
70 error command "/usr/bin/nodejs" "/usr/bin/npm" "install" "express" "connect"
71 error cwd /home/tonykuo/git/IOT/uploadTest
72 error node -v v0.10.25
73 error npm -v 1.3.10
74 error path /home/tonykuo/tmp/npm-4064-QUY0B9lt
75 error code EACCES
76 error errno 3
77 error stack Error: EACCES, mkdir '/home/tonykuo/tmp/npm-4064-QUY0B9lt'
78 verbose exit [ 3, true ]
